This file contains any messages produced by compilers while
running configure, to aid debugging if configure makes a mistake.

It was created by HP Linux Imaging and Printing configure 3.18.7, which was
generated by GNU Autoconf 2.68.  Invocation command line was

  $ ./configure --with-hpppddir=/usr/share/ppd/HP --libdir=/usr/lib --prefix=/usr --enable-qt4 --disable-qt5 --enable-doc-build --disable-cups-ppd-install --disable-foomatic-drv-install --disable-libusb01_build --disable-foomatic-ppd-install --disable-hpijs-install --disable-class-driver --disable-udev_sysfs_rules --disable-policykit --enable-cups-drv-install --enable-hpcups-install --enable-network-build --enable-dbus-build --enable-scan-build --enable-fax-build --enable-apparmor_build

## --------- ##
## Platform. ##
## --------- ##

hostname = dhiraj-patra
uname -m = x86_64
uname -r = 4.15.0-33-generic
uname -s = Linux
uname -v = #36~16.04.1-Ubuntu SMP Wed Aug 15 17:21:05 UTC 2018

/usr/bin/uname -p = unknown
/bin/uname -X     = unknown

/bin/arch              = unknown
/usr/bin/arch -k       = unknown
/usr/convex/getsysinfo = unknown
/usr/bin/hostinfo      = unknown
/bin/machine           = unknown
/usr/bin/oslevel       = unknown
/bin/universe          = unknown

PATH: /usr/local/sbin
PATH: /usr/local/bin
PATH: /usr/sbin
PATH: /usr/bin
PATH: /sbin
PATH: /bin
PATH: /snap/bin


## ----------- ##
## Core tests. ##
## ----------- ##

configure:2663: checking for a BSD-compatible install
configure:2731: result: /usr/bin/install -c
configure:2742: checking whether build environment is sane
configure:2792: result: yes
configure:2933: checking for a thread-safe mkdir -p
configure:2972: result: /bin/mkdir -p
configure:2985: checking for gawk
configure:3001: found /usr/bin/gawk
configure:3012: result: gawk
configure:3023: checking whether make sets $(MAKE)
configure:3045: result: yes
configure:3216: checking for g++
configure:3232: found /usr/bin/g++
configure:3243: result: g++
configure:3270: checking for C++ compiler version
configure:3279: g++ --version >&5
g++ (Ubuntu 5.4.0-6ubuntu1~16.04.10) 5.4.0 20160609
Copyright (C) 2015 Free Software Foundation, Inc.
This is free software; see the source for copying conditions.  There is NO
warranty; not even for MERCHANTABILITY or FITNESS FOR A PARTICULAR PURPOSE.

configure:3290: $? = 0
configure:3279: g++ -v >&5
Using built-in specs.
COLLECT_GCC=g++
COLLECT_LTO_WRAPPER=/usr/lib/gcc/x86_64-linux-gnu/5/lto-wrapper
Target: x86_64-linux-gnu
Configured with: ../src/configure -v --with-pkgversion='Ubuntu 5.4.0-6ubuntu1~16.04.10' --with-bugurl=file:///usr/share/doc/gcc-5/README.Bugs --enable-languages=c,ada,c++,java,go,d,fortran,objc,obj-c++ --prefix=/usr --program-suffix=-5 --enable-shared --enable-linker-build-id --libexecdir=/usr/lib --without-included-gettext --enable-threads=posix --libdir=/usr/lib --enable-nls --with-sysroot=/ --enable-clocale=gnu --enable-libstdcxx-debug --enable-libstdcxx-time=yes --with-default-libstdcxx-abi=new --enable-gnu-unique-object --disable-vtable-verify --enable-libmpx --enable-plugin --with-system-zlib --disable-browser-plugin --enable-java-awt=gtk --enable-gtk-cairo --with-java-home=/usr/lib/jvm/java-1.5.0-gcj-5-amd64/jre --enable-java-home --with-jvm-root-dir=/usr/lib/jvm/java-1.5.0-gcj-5-amd64 --with-jvm-jar-dir=/usr/lib/jvm-exports/java-1.5.0-gcj-5-amd64 --with-arch-directory=amd64 --with-ecj-jar=/usr/share/java/eclipse-ecj.jar --enable-objc-gc --enable-multiarch --disable-werror --with-arch-32=i686 --with-abi=m64 --with-multilib-list=m32,m64,mx32 --enable-multilib --with-tune=generic --enable-checking=release --build=x86_64-linux-gnu --host=x86_64-linux-gnu --target=x86_64-linux-gnu
Thread model: posix
gcc version 5.4.0 20160609 (Ubuntu 5.4.0-6ubuntu1~16.04.10) 
configure:3290: $? = 0
configure:3279: g++ -V >&5
g++: error: unrecognized command line option '-V'
g++: fatal error: no input files
compilation terminated.
configure:3290: $? = 1
configure:3279: g++ -qversion >&5
g++: error: unrecognized command line option '-qversion'
g++: fatal error: no input files
compilation terminated.
configure:3290: $? = 1
configure:3310: checking whether the C++ compiler works
configure:3332: g++    conftest.cpp  >&5
configure:3336: $? = 0
configure:3384: result: yes
configure:3387: checking for C++ compiler default output file name
configure:3389: result: a.out
configure:3395: checking for suffix of executables
configure:3402: g++ -o conftest    conftest.cpp  >&5
configure:3406: $? = 0
configure:3428: result: 
configure:3450: checking whether we are cross compiling
configure:3458: g++ -o conftest    conftest.cpp  >&5
configure:3462: $? = 0
configure:3469: ./conftest
configure:3473: $? = 0
configure:3488: result: no
configure:3493: checking for suffix of object files
configure:3515: g++ -c   conftest.cpp >&5
configure:3519: $? = 0
configure:3540: result: o
configure:3544: checking whether we are using the GNU C++ compiler
configure:3563: g++ -c   conftest.cpp >&5
configure:3563: $? = 0
configure:3572: result: yes
configure:3581: checking whether g++ accepts -g
configure:3601: g++ -c -g  conftest.cpp >&5
configure:3601: $? = 0
configure:3642: result: yes
configure:3676: checking for style of include used by make
configure:3704: result: GNU
configure:3729: checking dependency style of g++
configure:3839: result: gcc3
configure:3902: checking for gcc
configure:3918: found /usr/bin/gcc
configure:3929: result: gcc
configure:4158: checking for C compiler version
configure:4167: gcc --version >&5
gcc (Ubuntu 5.4.0-6ubuntu1~16.04.10) 5.4.0 20160609
Copyright (C) 2015 Free Software Foundation, Inc.
This is free software; see the source for copying conditions.  There is NO
warranty; not even for MERCHANTABILITY or FITNESS FOR A PARTICULAR PURPOSE.

configure:4178: $? = 0
configure:4167: gcc -v >&5
Using built-in specs.
COLLECT_GCC=gcc
COLLECT_LTO_WRAPPER=/usr/lib/gcc/x86_64-linux-gnu/5/lto-wrapper
Target: x86_64-linux-gnu
Configured with: ../src/configure -v --with-pkgversion='Ubuntu 5.4.0-6ubuntu1~16.04.10' --with-bugurl=file:///usr/share/doc/gcc-5/README.Bugs --enable-languages=c,ada,c++,java,go,d,fortran,objc,obj-c++ --prefix=/usr --program-suffix=-5 --enable-shared --enable-linker-build-id --libexecdir=/usr/lib --without-included-gettext --enable-threads=posix --libdir=/usr/lib --enable-nls --with-sysroot=/ --enable-clocale=gnu --enable-libstdcxx-debug --enable-libstdcxx-time=yes --with-default-libstdcxx-abi=new --enable-gnu-unique-object --disable-vtable-verify --enable-libmpx --enable-plugin --with-system-zlib --disable-browser-plugin --enable-java-awt=gtk --enable-gtk-cairo --with-java-home=/usr/lib/jvm/java-1.5.0-gcj-5-amd64/jre --enable-java-home --with-jvm-root-dir=/usr/lib/jvm/java-1.5.0-gcj-5-amd64 --with-jvm-jar-dir=/usr/lib/jvm-exports/java-1.5.0-gcj-5-amd64 --with-arch-directory=amd64 --with-ecj-jar=/usr/share/java/eclipse-ecj.jar --enable-objc-gc --enable-multiarch --disable-werror --with-arch-32=i686 --with-abi=m64 --with-multilib-list=m32,m64,mx32 --enable-multilib --with-tune=generic --enable-checking=release --build=x86_64-linux-gnu --host=x86_64-linux-gnu --target=x86_64-linux-gnu
Thread model: posix
gcc version 5.4.0 20160609 (Ubuntu 5.4.0-6ubuntu1~16.04.10) 
configure:4178: $? = 0
configure:4167: gcc -V >&5
gcc: error: unrecognized command line option '-V'
gcc: fatal error: no input files
compilation terminated.
configure:4178: $? = 1
configure:4167: gcc -qversion >&5
gcc: error: unrecognized command line option '-qversion'
gcc: fatal error: no input files
compilation terminated.
configure:4178: $? = 1
configure:4182: checking whether we are using the GNU C compiler
configure:4201: gcc -c   conftest.c >&5
configure:4201: $? = 0
configure:4210: result: yes
configure:4219: checking whether gcc accepts -g
configure:4239: gcc -c -g  conftest.c >&5
configure:4239: $? = 0
configure:4280: result: yes
configure:4297: checking for gcc option to accept ISO C89
configure:4361: gcc  -c -g -O2  conftest.c >&5
configure:4361: $? = 0
configure:4374: result: none needed
configure:4396: checking dependency style of gcc
configure:4506: result: gcc3
configure:4551: checking build system type
configure:4565: result: x86_64-unknown-linux-gnu
configure:4585: checking host system type
configure:4598: result: x86_64-unknown-linux-gnu
configure:4639: checking how to print strings
configure:4666: result: printf
configure:4687: checking for a sed that does not truncate output
configure:4751: result: /bin/sed
configure:4769: checking for grep that handles long lines and -e
configure:4827: result: /bin/grep
configure:4832: checking for egrep
configure:4894: result: /bin/grep -E
configure:4899: checking for fgrep
configure:4961: result: /bin/grep -F
configure:4996: checking for ld used by gcc
configure:5063: result: /usr/bin/ld
configure:5070: checking if the linker (/usr/bin/ld) is GNU ld
configure:5085: result: yes
configure:5097: checking for BSD- or MS-compatible name lister (nm)
configure:5146: result: /usr/bin/nm -B
configure:5276: checking the name lister (/usr/bin/nm -B) interface
configure:5283: gcc -c -g -O2  conftest.c >&5
configure:5286: /usr/bin/nm -B "conftest.o"
configure:5289: output
0000000000000000 B some_variable
configure:5296: result: BSD nm
configure:5299: checking whether ln -s works
configure:5303: result: yes
configure:5311: checking the maximum length of command line arguments
configure:5436: result: 1572864
configure:5453: checking whether the shell understands some XSI constructs
configure:5463: result: yes
configure:5467: checking whether the shell understands "+="
configure:5473: result: yes
configure:5508: checking how to convert x86_64-unknown-linux-gnu file names to x86_64-unknown-linux-gnu format
configure:5548: result: func_convert_file_noop
configure:5555: checking how to convert x86_64-unknown-linux-gnu file names to toolchain format
configure:5575: result: func_convert_file_noop
configure:5582: checking for /usr/bin/ld option to reload object files
configure:5589: result: -r
configure:5663: checking for objdump
configure:5679: found /usr/bin/objdump
configure:5690: result: objdump
configure:5722: checking how to recognize dependent libraries
configure:5924: result: pass_all
configure:6009: checking for dlltool
configure:6039: result: no
configure:6069: checking how to associate runtime and link libraries
configure:6096: result: printf %s\n
configure:6157: checking for ar
configure:6173: found /usr/bin/ar
configure:6184: result: ar
configure:6221: checking for archiver @FILE support
configure:6238: gcc -c -g -O2  conftest.c >&5
configure:6238: $? = 0
configure:6241: ar cru libconftest.a @conftest.lst >&5
ar: `u' modifier ignored since `D' is the default (see `U')
configure:6244: $? = 0
configure:6249: ar cru libconftest.a @conftest.lst >&5
ar: `u' modifier ignored since `D' is the default (see `U')
ar: conftest.o: No such file or directory
configure:6252: $? = 1
configure:6264: result: @
configure:6322: checking for strip
configure:6338: found /usr/bin/strip
configure:6349: result: strip
configure:6421: checking for ranlib
configure:6437: found /usr/bin/ranlib
configure:6448: result: ranlib
configure:6550: checking command to parse /usr/bin/nm -B output from gcc object
configure:6669: gcc -c -g -O2  conftest.c >&5
configure:6672: $? = 0
configure:6676: /usr/bin/nm -B conftest.o \| sed -n -e 's/^.*[ ]\([ABCDGIRSTW][ABCDGIRSTW]*\)[ ][ ]*\([_A-Za-z][_A-Za-z0-9]*\)$/\1 \2 \2/p' | sed '/ __gnu_lto/d' \> conftest.nm
configure:6679: $? = 0
configure:6745: gcc -o conftest -g -O2   conftest.c conftstm.o >&5
configure:6748: $? = 0
configure:6786: result: ok
configure:6823: checking for sysroot
configure:6853: result: no
configure:6930: gcc -c -g -O2  conftest.c >&5
configure:6933: $? = 0
configure:7096: checking for mt
configure:7112: found /bin/mt
configure:7123: result: mt
configure:7146: checking if mt is a manifest tool
configure:7152: mt '-?'
configure:7160: result: no
configure:7792: checking how to run the C preprocessor
configure:7823: gcc -E  conftest.c
configure:7823: $? = 0
configure:7837: gcc -E  conftest.c
conftest.c:11:28: fatal error: ac_nonexistent.h: No such file or directory
compilation terminated.
configure:7837: $? = 1
configure: failed program was:
| /* confdefs.h */
| #define PACKAGE_NAME "HP Linux Imaging and Printing"
| #define PACKAGE_TARNAME "hplip"
| #define PACKAGE_VERSION "3.18.7"
| #define PACKAGE_STRING "HP Linux Imaging and Printing 3.18.7"
| #define PACKAGE_BUGREPORT "3.18.7"
| #define PACKAGE_URL ""
| #define PACKAGE "hplip"
| #define VERSION "3.18.7"
| /* end confdefs.h.  */
| #include <ac_nonexistent.h>
configure:7862: result: gcc -E
configure:7882: gcc -E  conftest.c
configure:7882: $? = 0
configure:7896: gcc -E  conftest.c
conftest.c:11:28: fatal error: ac_nonexistent.h: No such file or directory
compilation terminated.
configure:7896: $? = 1
configure: failed program was:
| /* confdefs.h */
| #define PACKAGE_NAME "HP Linux Imaging and Printing"
| #define PACKAGE_TARNAME "hplip"
| #define PACKAGE_VERSION "3.18.7"
| #define PACKAGE_STRING "HP Linux Imaging and Printing 3.18.7"
| #define PACKAGE_BUGREPORT "3.18.7"
| #define PACKAGE_URL ""
| #define PACKAGE "hplip"
| #define VERSION "3.18.7"
| /* end confdefs.h.  */
| #include <ac_nonexistent.h>
configure:7925: checking for ANSI C header files
configure:7945: gcc -c -g -O2  conftest.c >&5
configure:7945: $? = 0
configure:8018: gcc -o conftest -g -O2   conftest.c  >&5
configure:8018: $? = 0
configure:8018: ./conftest
configure:8018: $? = 0
configure:8029: result: yes
configure:8042: checking for sys/types.h
configure:8042: gcc -c -g -O2  conftest.c >&5
configure:8042: $? = 0
configure:8042: result: yes
configure:8042: checking for sys/stat.h
configure:8042: gcc -c -g -O2  conftest.c >&5
configure:8042: $? = 0
configure:8042: result: yes
configure:8042: checking for stdlib.h
configure:8042: gcc -c -g -O2  conftest.c >&5
configure:8042: $? = 0
configure:8042: result: yes
configure:8042: checking for string.h
configure:8042: gcc -c -g -O2  conftest.c >&5
configure:8042: $? = 0
configure:8042: result: yes
configure:8042: checking for memory.h
configure:8042: gcc -c -g -O2  conftest.c >&5
configure:8042: $? = 0
configure:8042: result: yes
configure:8042: checking for strings.h
configure:8042: gcc -c -g -O2  conftest.c >&5
configure:8042: $? = 0
configure:8042: result: yes
configure:8042: checking for inttypes.h
configure:8042: gcc -c -g -O2  conftest.c >&5
configure:8042: $? = 0
configure:8042: result: yes
configure:8042: checking for stdint.h
configure:8042: gcc -c -g -O2  conftest.c >&5
configure:8042: $? = 0
configure:8042: result: yes
configure:8042: checking for unistd.h
configure:8042: gcc -c -g -O2  conftest.c >&5
configure:8042: $? = 0
configure:8042: result: yes
configure:8056: checking for dlfcn.h
configure:8056: gcc -c -g -O2  conftest.c >&5
configure:8056: $? = 0
configure:8056: result: yes
configure:8224: checking for objdir
configure:8239: result: .libs
configure:8506: checking if gcc supports -fno-rtti -fno-exceptions
configure:8524: gcc -c -g -O2  -fno-rtti -fno-exceptions conftest.c >&5
cc1: warning: command line option '-fno-rtti' is valid for C++/ObjC++ but not for C
configure:8528: $? = 0
configure:8541: result: no
configure:8851: checking for gcc option to produce PIC
configure:8858: result: -fPIC -DPIC
configure:8866: checking if gcc PIC flag -fPIC -DPIC works
configure:8884: gcc -c -g -O2  -fPIC -DPIC -DPIC conftest.c >&5
configure:8888: $? = 0
configure:8901: result: yes
configure:8930: checking if gcc static flag -static works
configure:8958: result: yes
configure:8973: checking if gcc supports -c -o file.o
configure:8994: gcc -c -g -O2  -o out/conftest2.o conftest.c >&5
configure:8998: $? = 0
configure:9020: result: yes
configure:9028: checking if gcc supports -c -o file.o
configure:9075: result: yes
configure:9108: checking whether the gcc linker (/usr/bin/ld -m elf_x86_64) supports shared libraries
configure:10270: result: yes
configure:10307: checking whether -lc should be explicitly linked in
configure:10315: gcc -c -g -O2  conftest.c >&5
configure:10318: $? = 0
configure:10333: gcc -shared  -fPIC -DPIC conftest.o  -v -Wl,-soname -Wl,conftest -o conftest 2\>\&1 \| /bin/grep  -lc  \>/dev/null 2\>\&1
configure:10336: $? = 0
configure:10350: result: no
configure:10515: checking dynamic linker characteristics
configure:11030: gcc -o conftest -g -O2   -Wl,-rpath -Wl,/foo conftest.c  >&5
configure:11030: $? = 0
configure:11264: result: GNU/Linux ld.so
configure:11371: checking how to hardcode library paths into programs
configure:11396: result: immediate
configure:11936: checking whether stripping libraries is possible
configure:11941: result: yes
configure:11976: checking if libtool supports shared libraries
configure:11978: result: yes
configure:11981: checking whether to build shared libraries
configure:12002: result: yes
configure:12005: checking whether to build static libraries
configure:12009: result: no
configure:12032: checking how to run the C++ preprocessor
configure:12059: g++ -E  conftest.cpp
configure:12059: $? = 0
configure:12073: g++ -E  conftest.cpp
conftest.cpp:23:28: fatal error: ac_nonexistent.h: No such file or directory
compilation terminated.
configure:12073: $? = 1
configure: failed program was:
| /* confdefs.h */
| #define PACKAGE_NAME "HP Linux Imaging and Printing"
| #define PACKAGE_TARNAME "hplip"
| #define PACKAGE_VERSION "3.18.7"
| #define PACKAGE_STRING "HP Linux Imaging and Printing 3.18.7"
| #define PACKAGE_BUGREPORT "3.18.7"
| #define PACKAGE_URL ""
| #define PACKAGE "hplip"
| #define VERSION "3.18.7"
| #define STDC_HEADERS 1
| #define HAVE_SYS_TYPES_H 1
| #define HAVE_SYS_STAT_H 1
| #define HAVE_STDLIB_H 1
| #define HAVE_STRING_H 1
| #define HAVE_MEMORY_H 1
| #define HAVE_STRINGS_H 1
| #define HAVE_INTTYPES_H 1
| #define HAVE_STDINT_H 1
| #define HAVE_UNISTD_H 1
| #define HAVE_DLFCN_H 1
| #define LT_OBJDIR ".libs/"
| /* end confdefs.h.  */
| #include <ac_nonexistent.h>
configure:12098: result: g++ -E
configure:12118: g++ -E  conftest.cpp
configure:12118: $? = 0
configure:12132: g++ -E  conftest.cpp
conftest.cpp:23:28: fatal error: ac_nonexistent.h: No such file or directory
compilation terminated.
configure:12132: $? = 1
configure: failed program was:
| /* confdefs.h */
| #define PACKAGE_NAME "HP Linux Imaging and Printing"
| #define PACKAGE_TARNAME "hplip"
| #define PACKAGE_VERSION "3.18.7"
| #define PACKAGE_STRING "HP Linux Imaging and Printing 3.18.7"
| #define PACKAGE_BUGREPORT "3.18.7"
| #define PACKAGE_URL ""
| #define PACKAGE "hplip"
| #define VERSION "3.18.7"
| #define STDC_HEADERS 1
| #define HAVE_SYS_TYPES_H 1
| #define HAVE_SYS_STAT_H 1
| #define HAVE_STDLIB_H 1
| #define HAVE_STRING_H 1
| #define HAVE_MEMORY_H 1
| #define HAVE_STRINGS_H 1
| #define HAVE_INTTYPES_H 1
| #define HAVE_STDINT_H 1
| #define HAVE_UNISTD_H 1
| #define HAVE_DLFCN_H 1
| #define LT_OBJDIR ".libs/"
| /* end confdefs.h.  */
| #include <ac_nonexistent.h>
configure:12302: checking for ld used by g++
configure:12369: result: /usr/bin/ld -m elf_x86_64
configure:12376: checking if the linker (/usr/bin/ld -m elf_x86_64) is GNU ld
configure:12391: result: yes
configure:12446: checking whether the g++ linker (/usr/bin/ld -m elf_x86_64) supports shared libraries
configure:13450: result: yes
configure:13485: g++ -c -g -O2  conftest.cpp >&5
configure:13488: $? = 0
configure:14008: checking for g++ option to produce PIC
configure:14015: result: -fPIC -DPIC
configure:14023: checking if g++ PIC flag -fPIC -DPIC works
configure:14041: g++ -c -g -O2  -fPIC -DPIC -DPIC conftest.cpp >&5
configure:14045: $? = 0
configure:14058: result: yes
configure:14081: checking if g++ static flag -static works
configure:14109: result: yes
configure:14121: checking if g++ supports -c -o file.o
configure:14142: g++ -c -g -O2  -o out/conftest2.o conftest.cpp >&5
configure:14146: $? = 0
configure:14168: result: yes
configure:14173: checking if g++ supports -c -o file.o
configure:14220: result: yes
configure:14250: checking whether the g++ linker (/usr/bin/ld -m elf_x86_64) supports shared libraries
configure:14287: result: yes
configure:14430: checking dynamic linker characteristics
configure:15113: result: GNU/Linux ld.so
configure:15166: checking how to hardcode library paths into programs
configure:15191: result: immediate
configure:15252: checking for pthread_create in -lpthread
configure:15277: gcc -o conftest -g -O2   conftest.c -lpthread   >&5
configure:15277: $? = 0
configure:15286: result: yes
configure:15294: checking for pow in -lm
configure:15319: gcc -o conftest -g -O2   conftest.c -lm   >&5
conftest.c:30:6: warning: conflicting types for built-in function 'pow'
 char pow ();
      ^
configure:15319: $? = 0
configure:15328: result: yes
configure:15336: checking for jpeg_set_defaults in -ljpeg
configure:15361: gcc -o conftest -g -O2   conftest.c -ljpeg   >&5
configure:15361: $? = 0
configure:15370: result: yes
configure:15378: checking for dlopen in -ldl
configure:15403: gcc -o conftest -g -O2   conftest.c -ldl   >&5
configure:15403: $? = 0
configure:15412: result: yes
configure:15425: checking pthread.h usability
configure:15425: gcc -c -g -O2  conftest.c >&5
configure:15425: $? = 0
configure:15425: result: yes
configure:15425: checking pthread.h presence
configure:15425: gcc -E  conftest.c
configure:15425: $? = 0
configure:15425: result: yes
configure:15425: checking for pthread.h
configure:15425: result: yes
configure:15439: checking jpeglib.h usability
configure:15439: gcc -c -g -O2  conftest.c >&5
configure:15439: $? = 0
configure:15439: result: yes
configure:15439: checking jpeglib.h presence
configure:15439: gcc -E  conftest.c
configure:15439: $? = 0
configure:15439: result: yes
configure:15439: checking for jpeglib.h
configure:15439: result: yes
configure:15453: checking whether byte ordering is bigendian
configure:15468: gcc -c -g -O2  conftest.c >&5
conftest.c:27:9: error: unknown type name 'not'
         not a universal capable compiler
         ^
conftest.c:27:15: error: expected '=', ',', ';', 'asm' or '__attribute__' before 'universal'
         not a universal capable compiler
               ^
conftest.c:27:15: error: unknown type name 'universal'
configure:15468: $? = 1
configure: failed program was:
| /* confdefs.h */
| #define PACKAGE_NAME "HP Linux Imaging and Printing"
| #define PACKAGE_TARNAME "hplip"
| #define PACKAGE_VERSION "3.18.7"
| #define PACKAGE_STRING "HP Linux Imaging and Printing 3.18.7"
| #define PACKAGE_BUGREPORT "3.18.7"
| #define PACKAGE_URL ""
| #define PACKAGE "hplip"
| #define VERSION "3.18.7"
| #define STDC_HEADERS 1
| #define HAVE_SYS_TYPES_H 1
| #define HAVE_SYS_STAT_H 1
| #define HAVE_STDLIB_H 1
| #define HAVE_STRING_H 1
| #define HAVE_MEMORY_H 1
| #define HAVE_STRINGS_H 1
| #define HAVE_INTTYPES_H 1
| #define HAVE_STDINT_H 1
| #define HAVE_UNISTD_H 1
| #define HAVE_DLFCN_H 1
| #define LT_OBJDIR ".libs/"
| #define HAVE_LIBDL 1
| #define HAVE_PTHREAD_H 1
| #define HAVE_JPEGLIB_H 1
| /* end confdefs.h.  */
| #ifndef __APPLE_CC__
| 	       not a universal capable compiler
| 	     #endif
| 	     typedef int dummy;
| 
configure:15513: gcc -c -g -O2  conftest.c >&5
configure:15513: $? = 0
configure:15531: gcc -c -g -O2  conftest.c >&5
conftest.c: In function 'main':
conftest.c:33:4: error: unknown type name 'not'
    not big endian
    ^
conftest.c:33:12: error: expected '=', ',', ';', 'asm' or '__attribute__' before 'endian'
    not big endian
            ^
configure:15531: $? = 1
configure: failed program was:
| /* confdefs.h */
| #define PACKAGE_NAME "HP Linux Imaging and Printing"
| #define PACKAGE_TARNAME "hplip"
| #define PACKAGE_VERSION "3.18.7"
| #define PACKAGE_STRING "HP Linux Imaging and Printing 3.18.7"
| #define PACKAGE_BUGREPORT "3.18.7"
| #define PACKAGE_URL ""
| #define PACKAGE "hplip"
| #define VERSION "3.18.7"
| #define STDC_HEADERS 1
| #define HAVE_SYS_TYPES_H 1
| #define HAVE_SYS_STAT_H 1
| #define HAVE_STDLIB_H 1
| #define HAVE_STRING_H 1
| #define HAVE_MEMORY_H 1
| #define HAVE_STRINGS_H 1
| #define HAVE_INTTYPES_H 1
| #define HAVE_STDINT_H 1
| #define HAVE_UNISTD_H 1
| #define HAVE_DLFCN_H 1
| #define LT_OBJDIR ".libs/"
| #define HAVE_LIBDL 1
| #define HAVE_PTHREAD_H 1
| #define HAVE_JPEGLIB_H 1
| /* end confdefs.h.  */
| #include <sys/types.h>
| 		#include <sys/param.h>
| 
| int
| main ()
| {
| #if BYTE_ORDER != BIG_ENDIAN
| 		 not big endian
| 		#endif
| 
|   ;
|   return 0;
| }
configure:15659: result: no
configure:15690: checking for uint32_t
configure:15690: gcc -c -g -O2  conftest.c >&5
configure:15690: $? = 0
configure:15690: gcc -c -g -O2  conftest.c >&5
conftest.c: In function 'main':
conftest.c:31:23: error: expected expression before ')' token
 if (sizeof ((uint32_t)))
                       ^
configure:15690: $? = 1
configure: failed program was:
| /* confdefs.h */
| #define PACKAGE_NAME "HP Linux Imaging and Printing"
| #define PACKAGE_TARNAME "hplip"
| #define PACKAGE_VERSION "3.18.7"
| #define PACKAGE_STRING "HP Linux Imaging and Printing 3.18.7"
| #define PACKAGE_BUGREPORT "3.18.7"
| #define PACKAGE_URL ""
| #define PACKAGE "hplip"
| #define VERSION "3.18.7"
| #define STDC_HEADERS 1
| #define HAVE_SYS_TYPES_H 1
| #define HAVE_SYS_STAT_H 1
| #define HAVE_STDLIB_H 1
| #define HAVE_STRING_H 1
| #define HAVE_MEMORY_H 1
| #define HAVE_STRINGS_H 1
| #define HAVE_INTTYPES_H 1
| #define HAVE_STDINT_H 1
| #define HAVE_UNISTD_H 1
| #define HAVE_DLFCN_H 1
| #define LT_OBJDIR ".libs/"
| #define HAVE_LIBDL 1
| #define HAVE_PTHREAD_H 1
| #define HAVE_JPEGLIB_H 1
| /* end confdefs.h.  */
| #include "prnt/hpijs/auto-include.h"
| 
| int
| main ()
| {
| if (sizeof ((uint32_t)))
| 	    return 0;
|   ;
|   return 0;
| }
configure:15690: result: yes
configure:15702: checking "for platform-dependencies"
configure:15722: result: "using Default platform.h"
configure:15750: checking for documentation build
configure:15760: result: yes
configure:15775: checking for hpijs only build
configure:15795: result: no
configure:15810: checking for lite build
configure:15827: result: no
configure:15839: checking for hpcups only build
configure:15856: result: no
configure:15896: checking for hpijs install
configure:15912: result: no
configure:15924: checking for hpcups install
configure:15934: result: yes
configure:15950: checking for new hpcups install
configure:15963: result: no
configure:15975: checking for hpps install
configure:15985: result: yes
configure:16001: checking for network build
configure:16011: result: yes
configure:16026: checking for parallel port build
configure:16043: result: no
configure:16047: checking for class driver
configure:16068: result: no
configure:16082: checking for scanner build
configure:16092: result: yes
configure:16109: checking for gui build
configure:16119: result: yes
configure:16134: checking for fax build
configure:16144: result: yes
configure:16160: checking for apparmor profile
configure:16171: result: yes
configure:16190: checking for dbus build
configure:16200: result: yes
configure:16207: checking for cups 1.1.x build
configure:16222: result: no
configure:16226: checking for udev sysfs enable rules
configure:16239: result: no
configure:16251: checking for shadow build
configure:16264: result: no
configure:16276: checking for libusb-0.1 build
configure:16291: result: no
configure:16390: checking for foomatic ppd install
configure:16406: result: no
configure:16427: checking for foomatic drv install
configure:16443: result: no
configure:16455: checking for cups drv install
configure:16465: result: yes
configure:16481: checking for cups ppd install
configure:16495: result: no
configure:16507: checking for foomatic-rip-hplip install
configure:16524: result: no
configure:16537: checking for qt5
configure:16550: result: no
configure:16563: checking for qt4
configure:16573: result: yes
configure:16588: checking for qt3
configure:16601: result: no
configure:16637: checking for policykit
configure:16650: result: no
configure:16675: checking for host machine platform
configure:16687: result: x86_64
configure:16698: checking for CRYPTO_free in -lcrypto
configure:16723: gcc -o conftest -g -O2   conftest.c -lcrypto   >&5
configure:16723: $? = 0
configure:16732: result: yes
configure:16745: checking for snmp_timeout in -lnetsnmp
configure:16770: gcc -o conftest -g -O2   conftest.c -lnetsnmp  -lcrypto  >&5
configure:16770: $? = 0
configure:16779: result: yes
configure:16850: checking net-snmp/net-snmp-config.h usability
configure:16850: gcc -c -g -O2  conftest.c >&5
configure:16850: $? = 0
configure:16850: result: yes
configure:16850: checking net-snmp/net-snmp-config.h presence
configure:16850: gcc -E  conftest.c
configure:16850: $? = 0
configure:16850: result: yes
configure:16850: checking for net-snmp/net-snmp-config.h
configure:16850: result: yes
configure:16883: checking for cupsDoFileRequest in -lcups
configure:16908: gcc -o conftest -g -O2   conftest.c -lcups  -lcrypto  >&5
configure:16908: $? = 0
configure:16917: result: yes
configure:16927: checking cups/cups.h usability
configure:16927: gcc -c -g -O2  conftest.c >&5
configure:16927: $? = 0
configure:16927: result: yes
configure:16927: checking cups/cups.h presence
configure:16927: gcc -E  conftest.c
configure:16927: $? = 0
configure:16927: result: yes
configure:16927: checking for cups/cups.h
configure:16927: result: yes
configure:16997: checking for libusb_init in -lusb-1.0
configure:17022: gcc -o conftest -g -O2   conftest.c -lusb-1.0  -lcrypto  >&5
configure:17022: $? = 0
configure:17031: result: yes
configure:17041: checking libusb-1.0/libusb.h usability
configure:17041: gcc -c -g -O2  conftest.c >&5
configure:17041: $? = 0
configure:17041: result: yes
configure:17041: checking libusb-1.0/libusb.h presence
configure:17041: gcc -E  conftest.c
configure:17041: $? = 0
configure:17041: result: yes
configure:17041: checking for libusb-1.0/libusb.h
configure:17041: result: yes
configure:17089: checking for a Python interpreter with version >= 2.2
configure:17106: python -c import sys # split strings by '.' and convert to numeric. Append some zeros # because we need at least 4 digits for the hex conversion. # map returns an iterator in Python 3.0 and a list in 2.x minver = list(map(int, '2.2'.split('.'))) + [0, 0, 0] minverhex = 0 # xrange is not present in Python 3.0 and range returns an iterator for i in list(range(0, 4)): minverhex = (minverhex << 8) + minver[i] sys.exit(sys.hexversion < minverhex)
configure:17109: $? = 0
configure:17115: result: python
configure:17123: checking for python
configure:17141: found /usr/bin/python
configure:17153: result: /usr/bin/python
configure:17171: checking for python version
configure:17178: result: 2.7
configure:17190: checking for python platform
configure:17197: result: linux2
configure:17204: checking for python script directory
configure:17233: result: ${prefix}/lib/python2.7/dist-packages
configure:17242: checking for python extension module directory
configure:17271: result: ${exec_prefix}/lib/python2.7/dist-packages
configure:17284: checking for path to Python.h
configure:17287: result: "using /usr/include/python2.7 ....  python2.7/Python.h"
configure:17293: checking python2.7/Python.h usability
configure:17293: gcc -c -g -O2  conftest.c >&5
configure:17293: $? = 0
configure:17293: result: yes
configure:17293: checking python2.7/Python.h presence
configure:17293: gcc -E  conftest.c
configure:17293: $? = 0
configure:17293: result: yes
configure:17293: checking for python2.7/Python.h
configure:17293: result: yes
configure:17309: checking for sane_open in -lsane
configure:17334: gcc -o conftest -g -O2   conftest.c -lsane  -lcrypto  >&5
configure:17334: $? = 0
configure:17343: result: yes
configure:17411: checking for pkg-config
configure:17429: found /usr/bin/pkg-config
configure:17441: result: /usr/bin/pkg-config
configure:17466: checking pkg-config is at least version 0.9.0
configure:17469: result: yes
configure:17479: checking for DBUS
configure:17486: $PKG_CONFIG --exists --print-errors "dbus-1 >= 1.0.0"
configure:17489: $? = 0
configure:17503: $PKG_CONFIG --exists --print-errors "dbus-1 >= 1.0.0"
configure:17506: $? = 0
configure:17544: result: yes
configure:17548: checking for dbus_connection_open in -ldbus-1
configure:17573: gcc -o conftest -g -O2   conftest.c -ldbus-1  -lcrypto  >&5
configure:17573: $? = 0
configure:17582: result: yes
configure:18043: creating ./config.status

## ---------------------- ##
## Running config.status. ##
## ---------------------- ##

This file was extended by HP Linux Imaging and Printing config.status 3.18.7, which was
generated by GNU Autoconf 2.68.  Invocation command line was

  CONFIG_FILES    = 
  CONFIG_HEADERS  = 
  CONFIG_LINKS    = 
  CONFIG_COMMANDS = 
  $ ./config.status 

on dhiraj-patra

config.status:1230: creating Makefile
config.status:1230: creating hplip.conf
config.status:1230: creating hplip.desktop
config.status:1230: creating hplip-systray.desktop
config.status:1230: creating prnt/drv/hpijs.drv
config.status:1230: creating prnt/drv/hpcups.drv
config.status:1230: creating hplip.list
config.status:1230: creating data/policykit/com.hp.hplip.service
config.status:1402: executing depfiles commands
config.status:1402: executing libtool commands

## ---------------- ##
## Cache variables. ##
## ---------------- ##

ac_cv_build=x86_64-unknown-linux-gnu
ac_cv_c_bigendian=no
ac_cv_c_compiler_gnu=yes
ac_cv_cxx_compiler_gnu=yes
ac_cv_env_CCC_set=
ac_cv_env_CCC_value=
ac_cv_env_CC_set=
ac_cv_env_CC_value=
ac_cv_env_CFLAGS_set=
ac_cv_env_CFLAGS_value=
ac_cv_env_CPPFLAGS_set=
ac_cv_env_CPPFLAGS_value=
ac_cv_env_CPP_set=
ac_cv_env_CPP_value=
ac_cv_env_CXXCPP_set=
ac_cv_env_CXXCPP_value=
ac_cv_env_CXXFLAGS_set=
ac_cv_env_CXXFLAGS_value=
ac_cv_env_CXX_set=
ac_cv_env_CXX_value=
ac_cv_env_DBUS_CFLAGS_set=
ac_cv_env_DBUS_CFLAGS_value=
ac_cv_env_DBUS_LIBS_set=
ac_cv_env_DBUS_LIBS_value=
ac_cv_env_LDFLAGS_set=
ac_cv_env_LDFLAGS_value=
ac_cv_env_LIBS_set=
ac_cv_env_LIBS_value=
ac_cv_env_PKG_CONFIG_LIBDIR_set=
ac_cv_env_PKG_CONFIG_LIBDIR_value=
ac_cv_env_PKG_CONFIG_PATH_set=
ac_cv_env_PKG_CONFIG_PATH_value=
ac_cv_env_PKG_CONFIG_set=
ac_cv_env_PKG_CONFIG_value=
ac_cv_env_PYTHONINCLUDEDIR_set=
ac_cv_env_PYTHONINCLUDEDIR_value=
ac_cv_env_PYTHON_set=
ac_cv_env_PYTHON_value=
ac_cv_env_build_alias_set=
ac_cv_env_build_alias_value=
ac_cv_env_host_alias_set=
ac_cv_env_host_alias_value=
ac_cv_env_target_alias_set=
ac_cv_env_target_alias_value=
ac_cv_header_cups_cups_h=yes
ac_cv_header_dlfcn_h=yes
ac_cv_header_inttypes_h=yes
ac_cv_header_jpeglib_h=yes
ac_cv_header_libusb_1_0_libusb_h=yes
ac_cv_header_memory_h=yes
ac_cv_header_net_snmp_net_snmp_config_h=yes
ac_cv_header_pthread_h=yes
ac_cv_header_python2_7_Python_h=yes
ac_cv_header_stdc=yes
ac_cv_header_stdint_h=yes
ac_cv_header_stdlib_h=yes
ac_cv_header_string_h=yes
ac_cv_header_strings_h=yes
ac_cv_header_sys_stat_h=yes
ac_cv_header_sys_types_h=yes
ac_cv_header_unistd_h=yes
ac_cv_host=x86_64-unknown-linux-gnu
ac_cv_lib_crypto_CRYPTO_free=yes
ac_cv_lib_cups_cupsDoFileRequest=yes
ac_cv_lib_dbus_1_dbus_connection_open=yes
ac_cv_lib_dl_dlopen=yes
ac_cv_lib_jpeg_jpeg_set_defaults=yes
ac_cv_lib_m_pow=yes
ac_cv_lib_netsnmp_snmp_timeout=yes
ac_cv_lib_pthread_pthread_create=yes
ac_cv_lib_sane_sane_open=yes
ac_cv_lib_usb_1_0_libusb_init=yes
ac_cv_objext=o
ac_cv_path_EGREP='/bin/grep -E'
ac_cv_path_FGREP='/bin/grep -F'
ac_cv_path_GREP=/bin/grep
ac_cv_path_PYTHON=/usr/bin/python
ac_cv_path_SED=/bin/sed
ac_cv_path_ac_pt_PKG_CONFIG=/usr/bin/pkg-config
ac_cv_path_install='/usr/bin/install -c'
ac_cv_path_mkdir=/bin/mkdir
ac_cv_prog_AWK=gawk
ac_cv_prog_CPP='gcc -E'
ac_cv_prog_CXXCPP='g++ -E'
ac_cv_prog_ac_ct_AR=ar
ac_cv_prog_ac_ct_CC=gcc
ac_cv_prog_ac_ct_CXX=g++
ac_cv_prog_ac_ct_MANIFEST_TOOL=mt
ac_cv_prog_ac_ct_OBJDUMP=objdump
ac_cv_prog_ac_ct_RANLIB=ranlib
ac_cv_prog_ac_ct_STRIP=strip
ac_cv_prog_cc_c89=
ac_cv_prog_cc_g=yes
ac_cv_prog_cxx_g=yes
ac_cv_prog_make_make_set=yes
ac_cv_type_uint32_t=yes
am_cv_CC_dependencies_compiler_type=gcc3
am_cv_CXX_dependencies_compiler_type=gcc3
am_cv_pathless_PYTHON=python
am_cv_python_platform=linux2
am_cv_python_pyexecdir='${exec_prefix}/lib/python2.7/dist-packages'
am_cv_python_pythondir='${prefix}/lib/python2.7/dist-packages'
am_cv_python_version=2.7
lt_cv_ar_at_file=@
lt_cv_archive_cmds_need_lc=no
lt_cv_deplibs_check_method=pass_all
lt_cv_file_magic_cmd='$MAGIC_CMD'
lt_cv_file_magic_test_file=
lt_cv_ld_reload_flag=-r
lt_cv_nm_interface='BSD nm'
lt_cv_objdir=.libs
lt_cv_path_LD=/usr/bin/ld
lt_cv_path_LDCXX='/usr/bin/ld -m elf_x86_64'
lt_cv_path_NM='/usr/bin/nm -B'
lt_cv_path_mainfest_tool=no
lt_cv_prog_compiler_c_o=yes
lt_cv_prog_compiler_c_o_CXX=yes
lt_cv_prog_compiler_pic='-fPIC -DPIC'
lt_cv_prog_compiler_pic_CXX='-fPIC -DPIC'
lt_cv_prog_compiler_pic_works=yes
lt_cv_prog_compiler_pic_works_CXX=yes
lt_cv_prog_compiler_rtti_exceptions=no
lt_cv_prog_compiler_static_works=yes
lt_cv_prog_compiler_static_works_CXX=yes
lt_cv_prog_gnu_ld=yes
lt_cv_prog_gnu_ldcxx=yes
lt_cv_sharedlib_from_linklib_cmd='printf %s\n'
lt_cv_shlibpath_overrides_runpath=no
lt_cv_sys_global_symbol_pipe='sed -n -e '\''s/^.*[	 ]\([ABCDGIRSTW][ABCDGIRSTW]*\)[	 ][	 ]*\([_A-Za-z][_A-Za-z0-9]*\)$/\1 \2 \2/p'\'' | sed '\''/ __gnu_lto/d'\'''
lt_cv_sys_global_symbol_to_c_name_address='sed -n -e '\''s/^: \([^ ]*\)[ ]*$/  {\"\1\", (void *) 0},/p'\'' -e '\''s/^[ABCDGIRSTW]* \([^ ]*\) \([^ ]*\)$/  {"\2", (void *) \&\2},/p'\'''
lt_cv_sys_global_symbol_to_c_name_address_lib_prefix='sed -n -e '\''s/^: \([^ ]*\)[ ]*$/  {\"\1\", (void *) 0},/p'\'' -e '\''s/^[ABCDGIRSTW]* \([^ ]*\) \(lib[^ ]*\)$/  {"\2", (void *) \&\2},/p'\'' -e '\''s/^[ABCDGIRSTW]* \([^ ]*\) \([^ ]*\)$/  {"lib\2", (void *) \&\2},/p'\'''
lt_cv_sys_global_symbol_to_cdecl='sed -n -e '\''s/^T .* \(.*\)$/extern int \1();/p'\'' -e '\''s/^[ABCDGIRSTW]* .* \(.*\)$/extern char \1;/p'\'''
lt_cv_sys_max_cmd_len=1572864
lt_cv_to_host_file_cmd=func_convert_file_noop
lt_cv_to_tool_file_cmd=func_convert_file_noop
pkg_cv_DBUS_CFLAGS='-I/usr/include/dbus-1.0 -I/usr/lib/x86_64-linux-gnu/dbus-1.0/include'
pkg_cv_DBUS_LIBS=-ldbus-1

## ----------------- ##
## Output variables. ##
## ----------------- ##

ACLOCAL='${SHELL} /var/www/html/lti_v2/hplip-3.18.7/missing --run aclocal-1.11'
AMDEPBACKSLASH='\'
AMDEP_FALSE='#'
AMDEP_TRUE=''
AMTAR='${SHELL} /var/www/html/lti_v2/hplip-3.18.7/missing --run tar'
APDK_AUTO_INCLUDE_FLAG='-DAPDK_AUTO_INCLUDE'
APDK_ENDIAN_FLAG='-DAPDK_LITTLE_ENDIAN'
APPARMOR_BUILD_FALSE='#'
APPARMOR_BUILD_TRUE=''
AR='ar'
AUTOCONF='${SHELL} /var/www/html/lti_v2/hplip-3.18.7/missing --run autoconf'
AUTOHEADER='${SHELL} /var/www/html/lti_v2/hplip-3.18.7/missing --run autoheader'
AUTOMAKE='${SHELL} /var/www/html/lti_v2/hplip-3.18.7/missing --run automake-1.11'
AWK='gawk'
CC='gcc'
CCDEPMODE='depmode=gcc3'
CFLAGS='-g -O2'
CPP='gcc -E'
CPPFLAGS=''
CUPS_DRV_INSTALL_FALSE='#'
CUPS_DRV_INSTALL_TRUE=''
CUPS_PPD_INSTALL_FALSE=''
CUPS_PPD_INSTALL_TRUE='#'
CXX='g++'
CXXCPP='g++ -E'
CXXDEPMODE='depmode=gcc3'
CXXFLAGS='-g -O2'
CYGPATH_W='echo'
DARWIN_BUILD_FALSE=''
DARWIN_BUILD_TRUE='#'
DBUS_CFLAGS='-I/usr/include/dbus-1.0 -I/usr/lib/x86_64-linux-gnu/dbus-1.0/include'
DBUS_LIBS='-ldbus-1'
DEFS='-DPACKAGE_NAME=\"HP\ Linux\ Imaging\ and\ Printing\" -DPACKAGE_TARNAME=\"hplip\" -DPACKAGE_VERSION=\"3.18.7\" -DPACKAGE_STRING=\"HP\ Linux\ Imaging\ and\ Printing\ 3.18.7\" -DPACKAGE_BUGREPORT=\"3.18.7\" -DPACKAGE_URL=\"\" -DPACKAGE=\"hplip\" -DVERSION=\"3.18.7\" -DSTDC_HEADERS=1 -DHAVE_SYS_TYPES_H=1 -DHAVE_SYS_STAT_H=1 -DHAVE_STDLIB_H=1 -DHAVE_STRING_H=1 -DHAVE_MEMORY_H=1 -DHAVE_STRINGS_H=1 -DHAVE_INTTYPES_H=1 -DHAVE_STDINT_H=1 -DHAVE_UNISTD_H=1 -DHAVE_DLFCN_H=1 -DLT_OBJDIR=\".libs/\" -DHAVE_LIBDL=1 -DHAVE_PTHREAD_H=1 -DHAVE_JPEGLIB_H=1 -DHAVE_UINT32_T=1 -DHAVE_LIBHPIP=1 -DHAVE_LIBHPIP=1 -DHAVE_LIBCRYPTO=1 -DHAVE_LIBNETSNMP=1 -DHAVE_NET_SNMP_NET_SNMP_CONFIG_H=1 -DHAVE_CUPS_CUPS_H=1 -DHAVE_LIBUSB_1_0_LIBUSB_H=1 -DHAVE_PYTHON2_7_PYTHON_H=1 -DHAVE_DBUS=1'
DEPDIR='.deps'
DLLTOOL='false'
DOC_BUILD_FALSE='#'
DOC_BUILD_TRUE=''
DSYMUTIL=''
DUMPBIN=''
ECHO_C=''
ECHO_N='-n'
ECHO_T=''
EGREP='/bin/grep -E'
EXEEXT=''
FAX_BUILD_FALSE='#'
FAX_BUILD_TRUE=''
FGREP='/bin/grep -F'
FOOMATIC_DRV_INSTALL_FALSE=''
FOOMATIC_DRV_INSTALL_TRUE='#'
FOOMATIC_PPD_INSTALL_FALSE=''
FOOMATIC_PPD_INSTALL_TRUE='#'
FULL_BUILD_FALSE='#'
FULL_BUILD_TRUE=''
GCC_GE_47_FALSE='#'
GCC_GE_47_TRUE=''
GREP='/bin/grep'
GUI_BUILD_FALSE='#'
GUI_BUILD_TRUE=''
HPCUPS_INSTALL_FALSE='#'
HPCUPS_INSTALL_TRUE=''
HPCUPS_ONLY_BUILD_FALSE=''
HPCUPS_ONLY_BUILD_TRUE='#'
HPIJS_INSTALL_FALSE=''
HPIJS_INSTALL_TRUE='#'
HPIJS_ONLY_BUILD_FALSE=''
HPIJS_ONLY_BUILD_TRUE='#'
HPLIP_BUILD_FALSE='#'
HPLIP_BUILD_TRUE=''
HPLIP_CLASS_DRIVER_FALSE=''
HPLIP_CLASS_DRIVER_TRUE='#'
HPPS_INSTALL_FALSE='#'
HPPS_INSTALL_TRUE=''
INSTALL_DATA='${INSTALL} -m 644'
INSTALL_PROGRAM='${INSTALL}'
INSTALL_SCRIPT='${INSTALL}'
INSTALL_STRIP_PROGRAM='$(install_sh) -c -s'
LD='/usr/bin/ld -m elf_x86_64'
LDFLAGS=''
LIBOBJS=''
LIBS='-lcrypto '
LIBTOOL='$(SHELL) $(top_builddir)/libtool'
LIBUSB01_BUILD_FALSE=''
LIBUSB01_BUILD_TRUE='#'
LIPO=''
LITE_BUILD_FALSE=''
LITE_BUILD_TRUE='#'
LN_S='ln -s'
LTLIBOBJS=''
MAKEINFO='${SHELL} /var/www/html/lti_v2/hplip-3.18.7/missing --run makeinfo'
MANIFEST_TOOL=':'
MKDIR_P='/bin/mkdir -p'
NETWORK_BUILD_FALSE='#'
NETWORK_BUILD_TRUE=''
NEW_HPCUPS_FALSE=''
NEW_HPCUPS_TRUE='#'
NM='/usr/bin/nm -B'
NMEDIT=''
OBJDUMP='objdump'
OBJEXT='o'
OTOOL64=''
OTOOL=''
PACKAGE='hplip'
PACKAGE_BUGREPORT='3.18.7'
PACKAGE_NAME='HP Linux Imaging and Printing'
PACKAGE_STRING='HP Linux Imaging and Printing 3.18.7'
PACKAGE_TARNAME='hplip'
PACKAGE_URL=''
PACKAGE_VERSION='3.18.7'
PATH_SEPARATOR=':'
PKG_CONFIG='/usr/bin/pkg-config'
PKG_CONFIG_LIBDIR=''
PKG_CONFIG_PATH=''
POLICYKIT_INSTALL_FALSE=''
POLICYKIT_INSTALL_TRUE='#'
PYTHON='/usr/bin/python'
PYTHONINCLUDEDIR='/usr/include/python2.7'
PYTHON_EXEC_PREFIX='${exec_prefix}'
PYTHON_PLATFORM='linux2'
PYTHON_PREFIX='${prefix}'
PYTHON_VERSION='2.7'
QT3_INSTALL_FALSE=''
QT3_INSTALL_TRUE='#'
QT4_INSTALL_FALSE='#'
QT4_INSTALL_TRUE=''
QT5_INSTALL_FALSE=''
QT5_INSTALL_TRUE='#'
RANLIB='ranlib'
RIP_INSTALL_FALSE=''
RIP_INSTALL_TRUE='#'
SCAN_BUILD_FALSE='#'
SCAN_BUILD_TRUE=''
SED='/bin/sed'
SET_MAKE=''
SHADOW_BUILD_FALSE=''
SHADOW_BUILD_TRUE='#'
SHELL='/bin/bash'
SNMPLIB='netsnmp'
STRIP='strip'
UDEV_SYSFS_RULES_FALSE=''
UDEV_SYSFS_RULES_TRUE='#'
VERSION='3.18.7'
abs_datadir='/usr/share'
abs_docdir='/usr/share/doc/hplip-3.18.7'
abs_drvdir='/usr/share/cups/drv/hp'
abs_hpppddir='/usr/share/ppd/HP'
abs_htmldir='/usr/share/doc/hplip-3.18.7'
abs_mimedir='/usr/share/cups/mime/'
abs_ppddir='/usr/share/ppd'
abs_sbindir='/usr/sbin'
ac_ct_AR='ar'
ac_ct_CC='gcc'
ac_ct_CXX='g++'
ac_ct_DUMPBIN=''
am__EXEEXT_FALSE=''
am__EXEEXT_TRUE='#'
am__fastdepCC_FALSE='#'
am__fastdepCC_TRUE=''
am__fastdepCXX_FALSE='#'
am__fastdepCXX_TRUE=''
am__include='include'
am__isrc=''
am__leading_dot='.'
am__quote=''
am__tar='${AMTAR} chof - "$$tardir"'
am__untar='${AMTAR} xf -'
apparmor_build='yes'
apparmordir='/etc/apparmor.d'
bindir='${exec_prefix}/bin'
build='x86_64-unknown-linux-gnu'
build_alias=''
build_cpu='x86_64'
build_os='linux-gnu'
build_vendor='unknown'
class_driver='no'
cups11_build='no'
cups_drv_install='yes'
cups_ppd_install='no'
cupsbackenddir='/usr/lib/cups/backend'
cupsfilterdir='/usr/lib/cups/filter'
datadir='${datarootdir}'
datarootdir='${prefix}/share'
dbus_build='yes'
doc_build='yes'
docdir='${datarootdir}/doc/${PACKAGE_TARNAME}'
drvdir='${datarootdir}/cups/drv/hp'
dvidir='${docdir}'
epm_class_driver=''
epm_class_install=''
epm_cups_drv_install='yes'
epm_cups_ppd_install=''
epm_foomatic_drv_install=''
epm_foomatic_ppd_install=''
epm_foomatic_rip_hplip_install=''
epm_full=''
epm_hpcups_install='yes'
epm_hpcups_only='#'
epm_hpijs_install=''
epm_hpijs_only='#'
epm_hpps_install='yes'
epm_lite='#'
epm_print_only_exclude=''
epm_qt3='#'
epm_qt4=''
epm_qt5='#'
epm_scan=''
exec_prefix='${prefix}'
fax_build='yes'
foomatic_drv_install='no'
foomatic_filter='foomatic-rip'
foomatic_ppd_install='no'
foomatic_rip_hplip_install='no'
gui_build='yes'
host='x86_64-unknown-linux-gnu'
host_alias=''
host_cpu='x86_64'
host_os='linux-gnu'
host_vendor='unknown'
hpcups_install='yes'
hpcups_only_build='no'
hpdocdir='${datarootdir}/doc/hplip-3.18.7'
hphtmldir='${datarootdir}/doc/hplip-3.18.7'
hpijs_install='no'
hpijs_only_build='no'
hpppddir='/usr/share/ppd/HP'
hpps_install='yes'
htmldir='${docdir}'
icondir='/usr/share/applications'
includedir='${prefix}/include'
infodir='${datarootdir}/info'
install_sh='${SHELL} /var/www/html/lti_v2/hplip-3.18.7/install-sh'
libdir='/usr/lib'
libexecdir='${exec_prefix}/libexec'
libusb01_build='no'
lite_build='no'
localedir='${datarootdir}/locale'
localstatedir='${prefix}/var'
mandir='${datarootdir}/man'
mimedir='/usr/share/cups/mime/'
mkdir_p='/bin/mkdir -p'
network_build='yes'
oldincludedir='/usr/include'
pdfdir='${docdir}'
pkgpyexecdir='${pyexecdir}/hplip'
pkgpythondir='${pythondir}/hplip'
platform='x86_64'
policykit='no'
policykit_dir=''
pp_build='no'
prefix='/usr'
program_transform_name='s,x,x,'
psdir='${docdir}'
pyexecdir='${exec_prefix}/lib/python2.7/dist-packages'
pythondir='${prefix}/lib/python2.7/dist-packages'
qt3='no'
qt4='yes'
qt5='no'
sbindir='${exec_prefix}/sbin'
scan_build='yes'
shadow_build='no'
sharedstatedir='${prefix}/com'
sysconfdir='${prefix}/etc'
systraydir='/etc/xdg/autostart'
target_alias=''
udev_sysfs_rules='no'
ui_toolkit='qt4'

## ----------- ##
## confdefs.h. ##
## ----------- ##

/* confdefs.h */
#define PACKAGE_NAME "HP Linux Imaging and Printing"
#define PACKAGE_TARNAME "hplip"
#define PACKAGE_VERSION "3.18.7"
#define PACKAGE_STRING "HP Linux Imaging and Printing 3.18.7"
#define PACKAGE_BUGREPORT "3.18.7"
#define PACKAGE_URL ""
#define PACKAGE "hplip"
#define VERSION "3.18.7"
#define STDC_HEADERS 1
#define HAVE_SYS_TYPES_H 1
#define HAVE_SYS_STAT_H 1
#define HAVE_STDLIB_H 1
#define HAVE_STRING_H 1
#define HAVE_MEMORY_H 1
#define HAVE_STRINGS_H 1
#define HAVE_INTTYPES_H 1
#define HAVE_STDINT_H 1
#define HAVE_UNISTD_H 1
#define HAVE_DLFCN_H 1
#define LT_OBJDIR ".libs/"
#define HAVE_LIBDL 1
#define HAVE_PTHREAD_H 1
#define HAVE_JPEGLIB_H 1
#define HAVE_UINT32_T 1
#define HAVE_LIBHPIP 1
#define HAVE_LIBHPIP 1
#define HAVE_LIBCRYPTO 1
#define HAVE_LIBNETSNMP 1
#define HAVE_NET_SNMP_NET_SNMP_CONFIG_H 1
#define HAVE_CUPS_CUPS_H 1
#define HAVE_LIBUSB_1_0_LIBUSB_H 1
#define HAVE_PYTHON2_7_PYTHON_H 1
#define HAVE_DBUS 1

configure: exit 0

## ---------------------- ##
## Running config.status. ##
## ---------------------- ##

This file was extended by HP Linux Imaging and Printing config.status 3.18.7, which was
generated by GNU Autoconf 2.68.  Invocation command line was

  CONFIG_FILES    = 
  CONFIG_HEADERS  = 
  CONFIG_LINKS    = 
  CONFIG_COMMANDS = 
  $ ./config.status Makefile depfiles

on dhiraj-patra

config.status:1230: creating Makefile
config.status:1402: executing depfiles commands
